  stdafx.cpp
  CaseHoles.cpp
C:\Users\rhsj\Desktop\MultiGame\Client\UIMgr.h(38,51): warning C4244: '인수': 'float'에서 'int'(으)로 변환하면서 데이터가 손실될 수 있습니다.
C:\Users\rhsj\Desktop\MultiGame\Client\UIMgr.h(38,26): warning C4244: '인수': 'float'에서 'int'(으)로 변환하면서 데이터가 손실될 수 있습니다.
C:\Users\rhsj\Desktop\MultiGame\Client\CaseHoles.cpp(64,63): warning C4805: '==': 연산에 'BOOL' 형식과 'bool' 형식을 함께 사용하는 것은 안전하지 않습니다.
C:\Users\rhsj\Desktop\MultiGame\Client\CaseHoles.cpp(129,62): warning C4805: '==': 연산에 'BOOL' 형식과 'bool' 형식을 함께 사용하는 것은 안전하지 않습니다.
C:\Users\rhsj\Desktop\MultiGame\Client\CaseHoles.cpp(173,15): warning C4244: '인수': 'float'에서 'int'(으)로 변환하면서 데이터가 손실될 수 있습니다.
C:\Users\rhsj\Desktop\MultiGame\Client\CaseHoles.cpp(172,15): warning C4244: '인수': 'float'에서 'int'(으)로 변환하면서 데이터가 손실될 수 있습니다.
C:\Users\rhsj\Desktop\MultiGame\Client\CaseHoles.cpp(180,15): warning C4244: '인수': 'float'에서 'int'(으)로 변환하면서 데이터가 손실될 수 있습니다.
C:\Users\rhsj\Desktop\MultiGame\Client\CaseHoles.cpp(179,15): warning C4244: '인수': 'float'에서 'int'(으)로 변환하면서 데이터가 손실될 수 있습니다.
C:\Users\rhsj\Desktop\MultiGame\Client\CaseHoles.cpp(186,15): warning C4244: '인수': 'float'에서 'int'(으)로 변환하면서 데이터가 손실될 수 있습니다.
C:\Users\rhsj\Desktop\MultiGame\Client\CaseHoles.cpp(185,15): warning C4244: '인수': 'float'에서 'int'(으)로 변환하면서 데이터가 손실될 수 있습니다.
C:\Users\rhsj\Desktop\MultiGame\Client\CaseHoles.cpp(192,15): warning C4244: '인수': 'float'에서 'int'(으)로 변환하면서 데이터가 손실될 수 있습니다.
C:\Users\rhsj\Desktop\MultiGame\Client\CaseHoles.cpp(191,15): warning C4244: '인수': 'float'에서 'int'(으)로 변환하면서 데이터가 손실될 수 있습니다.
C:\Users\rhsj\Desktop\MultiGame\Client\CaseHoles.cpp(198,15): warning C4244: '인수': 'float'에서 'int'(으)로 변환하면서 데이터가 손실될 수 있습니다.
C:\Users\rhsj\Desktop\MultiGame\Client\CaseHoles.cpp(197,15): warning C4244: '인수': 'float'에서 'int'(으)로 변환하면서 데이터가 손실될 수 있습니다.
C:\Users\rhsj\Desktop\MultiGame\Client\CaseHoles.cpp(208,23): warning C4244: '인수': 'float'에서 'int'(으)로 변환하면서 데이터가 손실될 수 있습니다.
C:\Users\rhsj\Desktop\MultiGame\Client\CaseHoles.cpp(207,23): warning C4244: '인수': 'float'에서 'int'(으)로 변환하면서 데이터가 손실될 수 있습니다.
C:\Users\rhsj\Desktop\MultiGame\Client\CaseHoles.cpp(215,21): warning C4244: '인수': 'float'에서 'int'(으)로 변환하면서 데이터가 손실될 수 있습니다.
C:\Users\rhsj\Desktop\MultiGame\Client\CaseHoles.cpp(214,21): warning C4244: '인수': 'float'에서 'int'(으)로 변환하면서 데이터가 손실될 수 있습니다.
C:\Users\rhsj\Desktop\MultiGame\Client\CaseHoles.cpp(221,26): warning C4244: '인수': 'float'에서 'int'(으)로 변환하면서 데이터가 손실될 수 있습니다.
C:\Users\rhsj\Desktop\MultiGame\Client\CaseHoles.cpp(220,23): warning C4244: '인수': 'float'에서 'int'(으)로 변환하면서 데이터가 손실될 수 있습니다.
C:\Users\rhsj\Desktop\MultiGame\Client\CaseHoles.cpp(228,26): warning C4244: '인수': 'float'에서 'int'(으)로 변환하면서 데이터가 손실될 수 있습니다.
C:\Users\rhsj\Desktop\MultiGame\Client\CaseHoles.cpp(227,23): warning C4244: '인수': 'float'에서 'int'(으)로 변환하면서 데이터가 손실될 수 있습니다.
  CollisionMgr.cpp
C:\Users\rhsj\Desktop\MultiGame\Client\UIMgr.h(38,51): warning C4244: '인수': 'float'에서 'int'(으)로 변환하면서 데이터가 손실될 수 있습니다.
C:\Users\rhsj\Desktop\MultiGame\Client\UIMgr.h(38,26): warning C4244: '인수': 'float'에서 'int'(으)로 변환하면서 데이터가 손실될 수 있습니다.
  CServerManager.cpp
C:\Users\rhsj\Desktop\MultiGame\Client\CServerManager.cpp(440,110): warning C4267: '인수': 'size_t'에서 'int'(으)로 변환하면서 데이터가 손실될 수 있습니다.
  DownCase.cpp
C:\Users\rhsj\Desktop\MultiGame\Client\DownCase.cpp(19,20): warning C4244: '초기화 중': 'double'에서 'float'(으)로 변환하면서 데이터가 손실될 수 있습니다.
C:\Users\rhsj\Desktop\MultiGame\Client\DownCase.cpp(25,20): warning C4244: '초기화 중': 'double'에서 'float'(으)로 변환하면서 데이터가 손실될 수 있습니다.
C:\Users\rhsj\Desktop\MultiGame\Client\DownCase.cpp(86,24): warning C4244: '인수': 'float'에서 'int'(으)로 변환하면서 데이터가 손실될 수 있습니다.
C:\Users\rhsj\Desktop\MultiGame\Client\DownCase.cpp(85,24): warning C4244: '인수': 'float'에서 'int'(으)로 변환하면서 데이터가 손실될 수 있습니다.
C:\Users\rhsj\Desktop\MultiGame\Client\DownCase.cpp(95,25): warning C4244: '인수': 'float'에서 'int'(으)로 변환하면서 데이터가 손실될 수 있습니다.
C:\Users\rhsj\Desktop\MultiGame\Client\DownCase.cpp(94,25): warning C4244: '인수': 'float'에서 'int'(으)로 변환하면서 데이터가 손실될 수 있습니다.
C:\Users\rhsj\Desktop\MultiGame\Client\DownCase.cpp(102,24): warning C4244: '인수': 'float'에서 'int'(으)로 변환하면서 데이터가 손실될 수 있습니다.
C:\Users\rhsj\Desktop\MultiGame\Client\DownCase.cpp(101,24): warning C4244: '인수': 'float'에서 'int'(으)로 변환하면서 데이터가 손실될 수 있습니다.
  Client.cpp
  KeyMgr.cpp
  KeyMgr2.cpp
C:\Users\rhsj\Desktop\MultiGame\Client\KeyMgr2.cpp(32): warning C4267: '인수': 'size_t'에서 'int'(으)로 변환하면서 데이터가 손실될 수 있습니다.
C:\Users\rhsj\Desktop\MultiGame\Client\KeyMgr2.cpp(53): warning C4267: '인수': 'size_t'에서 'int'(으)로 변환하면서 데이터가 손실될 수 있습니다.
  MainGame.cpp
C:\Users\rhsj\Desktop\MultiGame\Client\UIMgr.h(38,51): warning C4244: '인수': 'float'에서 'int'(으)로 변환하면서 데이터가 손실될 수 있습니다.
C:\Users\rhsj\Desktop\MultiGame\Client\UIMgr.h(38,26): warning C4244: '인수': 'float'에서 'int'(으)로 변환하면서 데이터가 손실될 수 있습니다.
  MidCase.cpp
  Obj.cpp
C:\Users\rhsj\Desktop\MultiGame\Client\Obj.cpp(26,18): warning C4838: 'float'에서 'LONG'(으)로의 변환에는 축소 변환이 필요합니다.
C:\Users\rhsj\Desktop\MultiGame\Client\Obj.cpp(26,18): warning C4244: '초기화 중': 'float'에서 'LONG'(으)로 변환하면서 데이터가 손실될 수 있습니다.
C:\Users\rhsj\Desktop\MultiGame\Client\Obj.cpp(27,18): warning C4838: 'float'에서 'LONG'(으)로의 변환에는 축소 변환이 필요합니다.
C:\Users\rhsj\Desktop\MultiGame\Client\Obj.cpp(27,18): warning C4244: '초기화 중': 'float'에서 'LONG'(으)로 변환하면서 데이터가 손실될 수 있습니다.
C:\Users\rhsj\Desktop\MultiGame\Client\Obj.cpp(28,18): warning C4838: 'float'에서 'LONG'(으)로의 변환에는 축소 변환이 필요합니다.
C:\Users\rhsj\Desktop\MultiGame\Client\Obj.cpp(28,18): warning C4244: '초기화 중': 'float'에서 'LONG'(으)로 변환하면서 데이터가 손실될 수 있습니다.
C:\Users\rhsj\Desktop\MultiGame\Client\Obj.cpp(29,18): warning C4838: 'float'에서 'LONG'(으)로의 변환에는 축소 변환이 필요합니다.
C:\Users\rhsj\Desktop\MultiGame\Client\Obj.cpp(29,18): warning C4244: '초기화 중': 'float'에서 'LONG'(으)로 변환하면서 데이터가 손실될 수 있습니다.
  ObjMgr.cpp
C:\Users\rhsj\Desktop\MultiGame\Client\UIMgr.h(38,51): warning C4244: '인수': 'float'에서 'int'(으)로 변환하면서 데이터가 손실될 수 있습니다.
C:\Users\rhsj\Desktop\MultiGame\Client\UIMgr.h(38,26): warning C4244: '인수': 'float'에서 'int'(으)로 변환하면서 데이터가 손실될 수 있습니다.
  PirateHead.cpp
C:\Users\rhsj\Desktop\MultiGame\Client\PirateHead.cpp(46,18): warning C4244: '인수': 'float'에서 'int'(으)로 변환하면서 데이터가 손실될 수 있습니다.
C:\Users\rhsj\Desktop\MultiGame\Client\PirateHead.cpp(45,18): warning C4244: '인수': 'float'에서 'int'(으)로 변환하면서 데이터가 손실될 수 있습니다.
C:\Users\rhsj\Desktop\MultiGame\Client\PirateHead.cpp(44,18): warning C4244: '인수': 'float'에서 'int'(으)로 변환하면서 데이터가 손실될 수 있습니다.
C:\Users\rhsj\Desktop\MultiGame\Client\PirateHead.cpp(43,18): warning C4244: '인수': 'float'에서 'int'(으)로 변환하면서 데이터가 손실될 수 있습니다.
  Player.cpp
C:\Users\rhsj\Desktop\MultiGame\Client\UIMgr.h(38,51): warning C4244: '인수': 'float'에서 'int'(으)로 변환하면서 데이터가 손실될 수 있습니다.
C:\Users\rhsj\Desktop\MultiGame\Client\UIMgr.h(38,26): warning C4244: '인수': 'float'에서 'int'(으)로 변환하면서 데이터가 손실될 수 있습니다.
  Portal.cpp
C:\Users\rhsj\Desktop\MultiGame\Client\UIMgr.h(38,51): warning C4244: '인수': 'float'에서 'int'(으)로 변환하면서 데이터가 손실될 수 있습니다.
C:\Users\rhsj\Desktop\MultiGame\Client\UIMgr.h(38,26): warning C4244: '인수': 'float'에서 'int'(으)로 변환하면서 데이터가 손실될 수 있습니다.
C:\Users\rhsj\Desktop\MultiGame\Client\Portal.cpp(40,84): warning C4244: '인수': 'float'에서 'int'(으)로 변환하면서 데이터가 손실될 수 있습니다.
C:\Users\rhsj\Desktop\MultiGame\Client\Portal.cpp(40,63): warning C4244: '인수': 'float'에서 'int'(으)로 변환하면서 데이터가 손실될 수 있습니다.
  Scene.cpp
  SceneMgr.cpp
  Stage4.cpp
C:\Users\rhsj\Desktop\MultiGame\Client\UIMgr.h(38,51): warning C4244: '인수': 'float'에서 'int'(으)로 변환하면서 데이터가 손실될 수 있습니다.
C:\Users\rhsj\Desktop\MultiGame\Client\UIMgr.h(38,26): warning C4244: '인수': 'float'에서 'int'(으)로 변환하면서 데이터가 손실될 수 있습니다.
  Stage_Exit.cpp
  Stage_Matching.cpp
C:\Users\rhsj\Desktop\MultiGame\Client\UIMgr.h(38,51): warning C4244: '인수': 'float'에서 'int'(으)로 변환하면서 데이터가 손실될 수 있습니다.
C:\Users\rhsj\Desktop\MultiGame\Client\UIMgr.h(38,26): warning C4244: '인수': 'float'에서 'int'(으)로 변환하면서 데이터가 손실될 수 있습니다.
  Test.cpp
  코드를 생성하고 있습니다...
  컴파일하고 있습니다...
  UIMgr.cpp
C:\Users\rhsj\Desktop\MultiGame\Client\UIMgr.h(38,51): warning C4244: '인수': 'float'에서 'int'(으)로 변환하면서 데이터가 손실될 수 있습니다.
C:\Users\rhsj\Desktop\MultiGame\Client\UIMgr.h(38,26): warning C4244: '인수': 'float'에서 'int'(으)로 변환하면서 데이터가 손실될 수 있습니다.
  UpCase.cpp
C:\Users\rhsj\Desktop\MultiGame\Client\UpCase.cpp(25,20): warning C4244: '초기화 중': 'double'에서 'float'(으)로 변환하면서 데이터가 손실될 수 있습니다.
C:\Users\rhsj\Desktop\MultiGame\Client\UpCase.cpp(31,20): warning C4244: '초기화 중': 'double'에서 'float'(으)로 변환하면서 데이터가 손실될 수 있습니다.
C:\Users\rhsj\Desktop\MultiGame\Client\UpCase.cpp(37,20): warning C4244: '초기화 중': 'double'에서 'float'(으)로 변환하면서 데이터가 손실될 수 있습니다.
C:\Users\rhsj\Desktop\MultiGame\Client\UpCase.cpp(43,20): warning C4244: '초기화 중': 'double'에서 'float'(으)로 변환하면서 데이터가 손실될 수 있습니다.
C:\Users\rhsj\Desktop\MultiGame\Client\UpCase.cpp(210,24): warning C4244: '인수': 'float'에서 'int'(으)로 변환하면서 데이터가 손실될 수 있습니다.
C:\Users\rhsj\Desktop\MultiGame\Client\UpCase.cpp(209,24): warning C4244: '인수': 'float'에서 'int'(으)로 변환하면서 데이터가 손실될 수 있습니다.
C:\Users\rhsj\Desktop\MultiGame\Client\UpCase.cpp(219,25): warning C4244: '인수': 'float'에서 'int'(으)로 변환하면서 데이터가 손실될 수 있습니다.
C:\Users\rhsj\Desktop\MultiGame\Client\UpCase.cpp(218,25): warning C4244: '인수': 'float'에서 'int'(으)로 변환하면서 데이터가 손실될 수 있습니다.
C:\Users\rhsj\Desktop\MultiGame\Client\UpCase.cpp(226,24): warning C4244: '인수': 'float'에서 'int'(으)로 변환하면서 데이터가 손실될 수 있습니다.
C:\Users\rhsj\Desktop\MultiGame\Client\UpCase.cpp(225,24): warning C4244: '인수': 'float'에서 'int'(으)로 변환하면서 데이터가 손실될 수 있습니다.
C:\Users\rhsj\Desktop\MultiGame\Client\UpCase.cpp(235,24): warning C4244: '인수': 'float'에서 'int'(으)로 변환하면서 데이터가 손실될 수 있습니다.
C:\Users\rhsj\Desktop\MultiGame\Client\UpCase.cpp(234,24): warning C4244: '인수': 'float'에서 'int'(으)로 변환하면서 데이터가 손실될 수 있습니다.
C:\Users\rhsj\Desktop\MultiGame\Client\UpCase.cpp(244,25): warning C4244: '인수': 'float'에서 'int'(으)로 변환하면서 데이터가 손실될 수 있습니다.
C:\Users\rhsj\Desktop\MultiGame\Client\UpCase.cpp(243,25): warning C4244: '인수': 'float'에서 'int'(으)로 변환하면서 데이터가 손실될 수 있습니다.
C:\Users\rhsj\Desktop\MultiGame\Client\UpCase.cpp(251,24): warning C4244: '인수': 'float'에서 'int'(으)로 변환하면서 데이터가 손실될 수 있습니다.
C:\Users\rhsj\Desktop\MultiGame\Client\UpCase.cpp(250,24): warning C4244: '인수': 'float'에서 'int'(으)로 변환하면서 데이터가 손실될 수 있습니다.
C:\Users\rhsj\Desktop\MultiGame\Client\UpCase.cpp(262,25): warning C4244: '인수': 'float'에서 'int'(으)로 변환하면서 데이터가 손실될 수 있습니다.
C:\Users\rhsj\Desktop\MultiGame\Client\UpCase.cpp(261,25): warning C4244: '인수': 'float'에서 'int'(으)로 변환하면서 데이터가 손실될 수 있습니다.
C:\Users\rhsj\Desktop\MultiGame\Client\UpCase.cpp(269,25): warning C4244: '인수': 'float'에서 'int'(으)로 변환하면서 데이터가 손실될 수 있습니다.
C:\Users\rhsj\Desktop\MultiGame\Client\UpCase.cpp(268,25): warning C4244: '인수': 'float'에서 'int'(으)로 변환하면서 데이터가 손실될 수 있습니다.
  WinEffect.cpp
C:\Users\rhsj\Desktop\MultiGame\Client\WinEffect.cpp(41,20): warning C4244: '초기화 중': 'double'에서 'float'(으)로 변환하면서 데이터가 손실될 수 있습니다.
C:\Users\rhsj\Desktop\MultiGame\Client\WinEffect.cpp(47,20): warning C4244: '초기화 중': 'double'에서 'float'(으)로 변환하면서 데이터가 손실될 수 있습니다.
C:\Users\rhsj\Desktop\MultiGame\Client\WinEffect.cpp(76,24): warning C4244: '인수': 'float'에서 'int'(으)로 변환하면서 데이터가 손실될 수 있습니다.
C:\Users\rhsj\Desktop\MultiGame\Client\WinEffect.cpp(75,24): warning C4244: '인수': 'float'에서 'int'(으)로 변환하면서 데이터가 손실될 수 있습니다.
C:\Users\rhsj\Desktop\MultiGame\Client\WinEffect.cpp(85,25): warning C4244: '인수': 'float'에서 'int'(으)로 변환하면서 데이터가 손실될 수 있습니다.
C:\Users\rhsj\Desktop\MultiGame\Client\WinEffect.cpp(84,25): warning C4244: '인수': 'float'에서 'int'(으)로 변환하면서 데이터가 손실될 수 있습니다.
C:\Users\rhsj\Desktop\MultiGame\Client\WinEffect.cpp(92,24): warning C4244: '인수': 'float'에서 'int'(으)로 변환하면서 데이터가 손실될 수 있습니다.
C:\Users\rhsj\Desktop\MultiGame\Client\WinEffect.cpp(91,24): warning C4244: '인수': 'float'에서 'int'(으)로 변환하면서 데이터가 손실될 수 있습니다.
  WorldMap.cpp
C:\Users\rhsj\Desktop\MultiGame\Client\UIMgr.h(38,51): warning C4244: '인수': 'float'에서 'int'(으)로 변환하면서 데이터가 손실될 수 있습니다.
C:\Users\rhsj\Desktop\MultiGame\Client\UIMgr.h(38,26): warning C4244: '인수': 'float'에서 'int'(으)로 변환하면서 데이터가 손실될 수 있습니다.
  코드를 생성하고 있습니다...
  Client.vcxproj -> C:\Users\rhsj\Desktop\MultiGame\OutPut\Debug\x64\Client.exe
