d:\유준환\136기\defaultwindow\frame126\debug\frame126.pch
d:\유준환\136기\defaultwindow\frame126\debug\vc140.pdb
d:\유준환\136기\defaultwindow\frame126\debug\vc140.idb
d:\유준환\136기\defaultwindow\frame126\debug\stdafx.obj
d:\유준환\136기\defaultwindow\frame126\debug\frame126.obj
d:\유준환\136기\defaultwindow\frame126\debug\maingame.obj
d:\유준환\136기\defaultwindow\frame126\debug\obj.obj
d:\유준환\136기\defaultwindow\frame126\debug\player.obj
d:\유준환\136기\defaultwindow\frame126\debug\monster.obj
d:\유준환\136기\defaultwindow\debug\frame126.ilk
d:\유준환\136기\defaultwindow\debug\frame126.exe
d:\유준환\136기\defaultwindow\debug\frame126.pdb
d:\유준환\136기\defaultwindow\frame126\debug\frame126.res
d:\유준환\136기\defaultwindow\frame126\debug\frame126.tlog\cl.command.1.tlog
d:\유준환\136기\defaultwindow\frame126\debug\frame126.tlog\cl.read.1.tlog
d:\유준환\136기\defaultwindow\frame126\debug\frame126.tlog\cl.write.1.tlog
d:\유준환\136기\defaultwindow\frame126\debug\frame126.tlog\link.command.1.tlog
d:\유준환\136기\defaultwindow\frame126\debug\frame126.tlog\link.read.1.tlog
d:\유준환\136기\defaultwindow\frame126\debug\frame126.tlog\link.write.1.tlog
d:\유준환\136기\defaultwindow\frame126\debug\frame126.tlog\rc.command.1.tlog
d:\유준환\136기\defaultwindow\frame126\debug\frame126.tlog\rc.read.1.tlog
d:\유준환\136기\defaultwindow\frame126\debug\frame126.tlog\rc.write.1.tlog
